<?xml version="1.0" encoding="UTF-8"?>
<testng-results ignored="0" total="1" passed="1" failed="0" skipped="0">
  <reporter-output>
  </reporter-output>
  <suite started-at="2023-11-29T14:52:34 GST" name="Default suite" finished-at="2023-11-29T14:52:34 GST" duration-ms="32">
    <groups>
    </groups>
    <test started-at="2023-11-29T14:52:34 GST" name="Default test" finished-at="2023-11-29T14:52:34 GST" duration-ms="32">
      <class name="project2.sos">
        <test-method signature="myFirstTest()[pri:0, instance:project2.sos@54afd745]" started-at="2023-11-29T14:52:34 GST" name="myFirstTest" finished-at="2023-11-29T14:52:34 GST" duration-ms="6" status="PASS">
          <reporter-output>
          </reporter-output>
        </test-method> <!-- myFirstTest -->
        <test-method is-config="true" signature="myAfterTest()[pri:0, instance:project2.sos@54afd745]" started-at="2023-11-29T14:52:34 GST" name="myAfterTest" finished-at="2023-11-29T14:52:34 GST" duration-ms="1" status="PASS">
          <reporter-output>
          </reporter-output>
        </test-method> <!-- myAfterTest -->
      </class> <!-- project2.sos -->
    </test> <!-- Default test -->
  </suite> <!-- Default suite -->
</testng-results>
