<?xml version="1.0" encoding="UTF-8"?>
<!-- Generated by org.testng.reporters.JUnitXMLReporter -->
<testsuite ignored="6" hostname="DESKTOP-332RHEK" failures="0" tests="1" name="Default test" time="84.376" errors="0" timestamp="2024-06-26T02:01:57 GST">
  <testcase classname="TEStFinal" name="changeTheLanguageOfTheWebsiteRandomly" time="76.403"/>
  <testcase classname="TEStFinal" name="checkLogo" time="0.0">
    <ignored/>
  </testcase> <!-- checkLogo -->
  <testcase classname="TEStFinal" name="checkTheNumber" time="0.0">
    <ignored/>
  </testcase> <!-- checkTheNumber -->
  <testcase classname="TEStFinal" name="chrckTheSalary" time="0.0">
    <ignored/>
  </testcase> <!-- chrckTheSalary -->
  <testcase classname="TEStFinal" name="checkHotelTotNotSelector" time="0.0">
    <ignored/>
  </testcase> <!-- checkHotelTotNotSelector -->
  <testcase classname="TEStFinal" name="checkTheDepenture" time="0.0">
    <ignored/>
  </testcase> <!-- checkTheDepenture -->
  <testcase classname="TEStFinal" name="theLang" time="0.0">
    <ignored/>
  </testcase> <!-- theLang -->
</testsuite> <!-- Default test -->
