<?xml version="1.0" encoding="UTF-8"?>
<testng-results ignored="6" total="7" passed="1" failed="0" skipped="0">
  <reporter-output>
  </reporter-output>
  <suite started-at="2024-06-26T02:00:32 GST" name="Default suite" finished-at="2024-06-26T02:01:57 GST" duration-ms="84376">
    <groups>
    </groups>
    <test started-at="2024-06-26T02:00:32 GST" name="Default test" finished-at="2024-06-26T02:01:57 GST" duration-ms="84376">
      <class name="TEStFinal">
        <test-method is-config="true" signature="thefirst()[pri:0, instance:TEStFinal@f8908f6]" started-at="2024-06-26T02:00:32 GST" name="thefirst" finished-at="2024-06-26T02:00:40 GST" duration-ms="7920" status="PASS">
          <reporter-output>
          </reporter-output>
        </test-method> <!-- thefirst -->
        <test-method signature="changeTheLanguageOfTheWebsiteRandomly()[pri:0, instance:TEStFinal@f8908f6]" started-at="2024-06-26T02:00:40 GST" name="changeTheLanguageOfTheWebsiteRandomly" finished-at="2024-06-26T02:01:57 GST" duration-ms="76403" status="PASS">
          <reporter-output>
          </reporter-output>
        </test-method> <!-- changeTheLanguageOfTheWebsiteRandomly -->
        <test-method is-config="true" signature="thefinal()[pri:0, instance:TEStFinal@f8908f6]" started-at="2024-06-26T02:01:57 GST" name="thefinal" finished-at="2024-06-26T02:01:57 GST" duration-ms="1" status="PASS">
          <reporter-output>
          </reporter-output>
        </test-method> <!-- thefinal -->
      </class> <!-- TEStFinal -->
    </test> <!-- Default test -->
  </suite> <!-- Default suite -->
</testng-results>
