<?xml version="1.0" encoding="UTF-8"?>
<!-- Generated by org.testng.reporters.JUnitXMLReporter -->
<testsuite ignored="2" hostname="DESKTOP-332RHEK" failures="0" tests="2" name="Default test" time="3.206" errors="0" timestamp="2024-02-26T00:22:48 GST">
  <testcase classname="sosittiii.sssis" name="MyFirstSetUp" time="0.865"/>
  <testcase classname="sosittiii.sssis" name="AddAllItemsToCart" time="0.819"/>
  <testcase classname="sosittiii.sssis" name="PrintTheFirstItem" time="0.0">
    <ignored/>
  </testcase> <!-- PrintTheFirstItem -->
  <testcase classname="sosittiii.sssis" name="PrintTheAllItems" time="0.0">
    <ignored/>
  </testcase> <!-- PrintTheAllItems -->
</testsuite> <!-- Default test -->
