<?xml version="1.0" encoding="UTF-8"?>
<testng-results ignored="2" total="4" passed="2" failed="0" skipped="0">
  <reporter-output>
  </reporter-output>
  <suite started-at="2024-02-26T00:22:44 GST" name="Default suite" finished-at="2024-02-26T00:22:47 GST" duration-ms="3206">
    <groups>
    </groups>
    <test started-at="2024-02-26T00:22:44 GST" name="Default test" finished-at="2024-02-26T00:22:47 GST" duration-ms="3206">
      <class name="sosittiii.sssis">
        <test-method is-config="true" signature="MySetUp()[pri:0, instance:sosittiii.sssis@62e70ea3]" started-at="2024-02-26T00:22:44 GST" name="MySetUp" finished-at="2024-02-26T00:22:46 GST" duration-ms="1410" status="PASS">
          <reporter-output>
          </reporter-output>
        </test-method> <!-- MySetUp -->
        <test-method signature="MyFirstSetUp()[pri:1, instance:sosittiii.sssis@62e70ea3]" started-at="2024-02-26T00:22:46 GST" name="MyFirstSetUp" finished-at="2024-02-26T00:22:47 GST" duration-ms="865" status="PASS">
          <reporter-output>
          </reporter-output>
        </test-method> <!-- MyFirstSetUp -->
        <test-method signature="AddAllItemsToCart()[pri:2, instance:sosittiii.sssis@62e70ea3]" started-at="2024-02-26T00:22:47 GST" name="AddAllItemsToCart" finished-at="2024-02-26T00:22:47 GST" duration-ms="819" status="PASS">
          <reporter-output>
          </reporter-output>
        </test-method> <!-- AddAllItemsToCart -->
        <test-method is-config="true" signature="AfterSetUp()[pri:0, instance:sosittiii.sssis@62e70ea3]" started-at="2024-02-26T00:22:47 GST" name="AfterSetUp" finished-at="2024-02-26T00:22:47 GST" duration-ms="0" status="PASS">
          <reporter-output>
          </reporter-output>
        </test-method> <!-- AfterSetUp -->
      </class> <!-- sosittiii.sssis -->
    </test> <!-- Default test -->
  </suite> <!-- Default suite -->
</testng-results>
