<?xml version="1.0" encoding="UTF-8"?>
<testng-results ignored="0" total="2" passed="2" failed="0" skipped="0">
  <reporter-output>
  </reporter-output>
  <suite started-at="2024-02-26T16:12:09 GST" name="Default suite" finished-at="2024-02-26T16:12:26 GST" duration-ms="17694">
    <groups>
    </groups>
    <test started-at="2024-02-26T16:12:09 GST" name="Default test" finished-at="2024-02-26T16:12:26 GST" duration-ms="17694">
      <class name="TestCasses">
        <test-method is-config="true" signature="MyBeforeTest()[pri:0, instance:TestCasses@28276e50]" started-at="2024-02-26T16:12:09 GST" name="MyBeforeTest" finished-at="2024-02-26T16:12:13 GST" duration-ms="3945" status="PASS">
          <reporter-output>
          </reporter-output>
        </test-method> <!-- MyBeforeTest -->
        <test-method signature="MySetUp()[pri:1, instance:TestCasses@28276e50]" started-at="2024-02-26T16:12:13 GST" name="MySetUp" finished-at="2024-02-26T16:12:21 GST" duration-ms="8480" status="PASS">
          <reporter-output>
          </reporter-output>
        </test-method> <!-- MySetUp -->
        <test-method signature="LogIn()[pri:2, instance:TestCasses@28276e50]" started-at="2024-02-26T16:12:21 GST" name="LogIn" finished-at="2024-02-26T16:12:26 GST" duration-ms="5217" status="PASS">
          <reporter-output>
          </reporter-output>
        </test-method> <!-- LogIn -->
        <test-method is-config="true" signature="MyAfterTest()[pri:0, instance:TestCasses@28276e50]" started-at="2024-02-26T16:12:26 GST" name="MyAfterTest" finished-at="2024-02-26T16:12:26 GST" duration-ms="1" status="PASS">
          <reporter-output>
          </reporter-output>
        </test-method> <!-- MyAfterTest -->
      </class> <!-- TestCasses -->
    </test> <!-- Default test -->
  </suite> <!-- Default suite -->
</testng-results>
